<?xml version="1.0" encoding="UTF-8"?>
<testsuite xmlns:xsi="http://www.w3.org/2001/XMLSchema-instance" xsi:noNamespaceSchemaLocation="https://maven.apache.org/surefire/maven-surefire-plugin/xsd/surefire-test-report-3.0.xsd" version="3.0" name="flightapp.FlightServiceTest" time="8.361" tests="43" errors="0" skipped="0" failures="0">
  <properties>
[...]
</properties>
  <testcase name="runTest[0]" classname="flightapp.FlightServiceTest" time="0.468">
    <system-out><![CDATA[Running test setup...
... using dbconn.properties for test credentials
... resetting database (ie, dropping all tables with suffix: ananya99)
... running createTables.sql

Starting tests
Running test file: /Users/ananyasoni/Desktop/project/cases/transaction/pay/pay_wrongUser.test.txt
]]></system-out>
  </testcase>
  <testcase name="runTest[1]" classname="flightapp.FlightServiceTest" time="0.233">
    <system-out><![CDATA[Running test file: /Users/ananyasoni/Desktop/project/cases/transaction/search/search_differentUsersSameQuery.test.txt
]]></system-out>
  </testcase>
  <testcase name="runTest[2]" classname="flightapp.FlightServiceTest" time="0.185">
    <system-out><![CDATA[Running test file: /Users/ananyasoni/Desktop/project/cases/transaction/book/book_withoutSearch.test.txt
]]></system-out>
  </testcase>
  <testcase name="runTest[3]" classname="flightapp.FlightServiceTest" time="0.235">
    <system-out><![CDATA[Running test file: /Users/ananyasoni/Desktop/project/cases/transaction/book/book_2Users2Flights.test.txt
]]></system-out>
  </testcase>
  <testcase name="runTest[4]" classname="flightapp.FlightServiceTest" time="0.321">
    <system-out><![CDATA[Running test file: /Users/ananyasoni/Desktop/project/cases/transaction/book/book_2Users1FlightNoCapacity.test.txt
]]></system-out>
  </testcase>
  <testcase name="runTest[5]" classname="flightapp.FlightServiceTest" time="0.201">
    <system-out><![CDATA[Running test file: /Users/ananyasoni/Desktop/project/cases/transaction/book/book_1User1FlightTwice.test.txt
]]></system-out>
  </testcase>
  <testcase name="runTest[6]" classname="flightapp.FlightServiceTest" time="0.086">
    <system-out><![CDATA[Running test file: /Users/ananyasoni/Desktop/project/cases/transaction/create/create_2UsersSameName.test.txt
]]></system-out>
  </testcase>
  <testcase name="runTest[7]" classname="flightapp.FlightServiceTest" time="0.136">
    <system-out><![CDATA[Running test file: /Users/ananyasoni/Desktop/project/cases/transaction/create/create_2UsersDifferentName.test.txt
]]></system-out>
  </testcase>
  <testcase name="runTest[8]" classname="flightapp.FlightServiceTest" time="0.19">
    <system-out><![CDATA[Running test file: /Users/ananyasoni/Desktop/project/cases/transaction/login/login_differentUsers.test.txt
]]></system-out>
  </testcase>
  <testcase name="runTest[9]" classname="flightapp.FlightServiceTest" time="0.162">
    <system-out><![CDATA[Running test file: /Users/ananyasoni/Desktop/project/cases/transaction/login/login_sameUsers.test.txt
]]></system-out>
  </testcase>
  <testcase name="runTest[10]" classname="flightapp.FlightServiceTest" time="0.15">
    <system-out><![CDATA[Running test file: /Users/ananyasoni/Desktop/project/cases/transaction/login/login_createUserInOtherSession.test.txt
]]></system-out>
  </testcase>
  <testcase name="runTest[11]" classname="flightapp.FlightServiceTest" time="0.347">
    <system-out><![CDATA[Running test file: /Users/ananyasoni/Desktop/project/cases/custom/book_2UserSameFlight.test.txt
]]></system-out>
  </testcase>
  <testcase name="runTest[12]" classname="flightapp.FlightServiceTest" time="0.323">
    <system-out><![CDATA[Running test file: /Users/ananyasoni/Desktop/project/cases/custom/pay_2UserSameFlight.test.txt
]]></system-out>
  </testcase>
  <testcase name="runTest[13]" classname="flightapp.FlightServiceTest" time="0.148">
    <system-out><![CDATA[Running test file: /Users/ananyasoni/Desktop/project/cases/custom/login_sameUsers_case_insensitive.test.txt
]]></system-out>
  </testcase>
  <testcase name="runTest[14]" classname="flightapp.FlightServiceTest" time="0.318">
    <system-out><![CDATA[Running test file: /Users/ananyasoni/Desktop/project/cases/custom/reservations_2UsersSameFlightLimitedCapacity.test.txt
]]></system-out>
  </testcase>
  <testcase name="runTest[15]" classname="flightapp.FlightServiceTest" time="0.397">
    <system-out><![CDATA[Running test file: /Users/ananyasoni/Desktop/project/cases/custom/serial/reservations_different_day.test.txt
]]></system-out>
  </testcase>
  <testcase name="runTest[16]" classname="flightapp.FlightServiceTest" time="0.288">
    <system-out><![CDATA[Running test file: /Users/ananyasoni/Desktop/project/cases/custom/serial/book_invalid_itinerary_id.test.txt
]]></system-out>
  </testcase>
  <testcase name="runTest[17]" classname="flightapp.FlightServiceTest" time="0.263">
    <system-out><![CDATA[Running test file: /Users/ananyasoni/Desktop/project/cases/custom/serial/pay_for_non_existent_reservation.test.txt
]]></system-out>
  </testcase>
  <testcase name="runTest[18]" classname="flightapp.FlightServiceTest" time="0.137">
    <system-out><![CDATA[Running test file: /Users/ananyasoni/Desktop/project/cases/custom/serial/create_case_insensitivity.test.txt
]]></system-out>
  </testcase>
  <testcase name="runTest[19]" classname="flightapp.FlightServiceTest" time="0.124">
    <system-out><![CDATA[Running test file: /Users/ananyasoni/Desktop/project/cases/custom/serial/login_case_insensitivity.test.txt
]]></system-out>
  </testcase>
  <testcase name="runTest[20]" classname="flightapp.FlightServiceTest" time="0.169">
    <system-out><![CDATA[Running test file: /Users/ananyasoni/Desktop/project/cases/custom/serial/search_all_indirect.test.txt
]]></system-out>
  </testcase>
  <testcase name="runTest[21]" classname="flightapp.FlightServiceTest" time="0.19">
    <system-out><![CDATA[Running test file: /Users/ananyasoni/Desktop/project/cases/no_transaction/reservations/reservations_same_day.test.txt
]]></system-out>
  </testcase>
  <testcase name="runTest[22]" classname="flightapp.FlightServiceTest" time="0.021">
    <system-out><![CDATA[Running test file: /Users/ananyasoni/Desktop/project/cases/no_transaction/reservations/reservations_userNotLoggedIn.test.txt
]]></system-out>
  </testcase>
  <testcase name="runTest[23]" classname="flightapp.FlightServiceTest" time="0.176">
    <system-out><![CDATA[Running test file: /Users/ananyasoni/Desktop/project/cases/no_transaction/reservations/reservations_basic.test.txt
]]></system-out>
  </testcase>
  <testcase name="runTest[24]" classname="flightapp.FlightServiceTest" time="0.173">
    <system-out><![CDATA[Running test file: /Users/ananyasoni/Desktop/project/cases/no_transaction/pay/pay_already.test.txt
]]></system-out>
  </testcase>
  <testcase name="runTest[25]" classname="flightapp.FlightServiceTest" time="0.172">
    <system-out><![CDATA[Running test file: /Users/ananyasoni/Desktop/project/cases/no_transaction/pay/pay_insufficient.test.txt
]]></system-out>
  </testcase>
  <testcase name="runTest[26]" classname="flightapp.FlightServiceTest" time="0.253">
    <system-out><![CDATA[Running test file: /Users/ananyasoni/Desktop/project/cases/no_transaction/pay/pay_indirectFlightsItinerary.test.txt
]]></system-out>
  </testcase>
  <testcase name="runTest[27]" classname="flightapp.FlightServiceTest" time="0.184">
    <system-out><![CDATA[Running test file: /Users/ananyasoni/Desktop/project/cases/no_transaction/pay/pay_basic.test.txt
]]></system-out>
  </testcase>
  <testcase name="runTest[28]" classname="flightapp.FlightServiceTest" time="0.062">
    <system-out><![CDATA[Running test file: /Users/ananyasoni/Desktop/project/cases/no_transaction/search/search_lessThanN.test.txt
]]></system-out>
  </testcase>
  <testcase name="runTest[29]" classname="flightapp.FlightServiceTest" time="0.144">
    <system-out><![CDATA[Running test file: /Users/ananyasoni/Desktop/project/cases/no_transaction/search/search_topk.test.txt
]]></system-out>
  </testcase>
  <testcase name="runTest[30]" classname="flightapp.FlightServiceTest" time="0.289">
    <system-out><![CDATA[Running test file: /Users/ananyasoni/Desktop/project/cases/no_transaction/search/search_indirect.test.txt
]]></system-out>
  </testcase>
  <testcase name="runTest[31]" classname="flightapp.FlightServiceTest" time="0.169">
    <system-out><![CDATA[Running test file: /Users/ananyasoni/Desktop/project/cases/no_transaction/search/search_topk_direct.test.txt
]]></system-out>
  </testcase>
  <testcase name="runTest[32]" classname="flightapp.FlightServiceTest" time="0.143">
    <system-out><![CDATA[Running test file: /Users/ananyasoni/Desktop/project/cases/no_transaction/search/search_all_indirect.test.txt
]]></system-out>
  </testcase>
  <testcase name="runTest[33]" classname="flightapp.FlightServiceTest" time="0.063">
    <system-out><![CDATA[Running test file: /Users/ananyasoni/Desktop/project/cases/no_transaction/search/search_basic.test.txt
]]></system-out>
  </testcase>
  <testcase name="runTest[34]" classname="flightapp.FlightServiceTest" time="0.14">
    <system-out><![CDATA[Running test file: /Users/ananyasoni/Desktop/project/cases/no_transaction/book/book_withoutLogIn.test.txt
]]></system-out>
  </testcase>
  <testcase name="runTest[35]" classname="flightapp.FlightServiceTest" time="0.176">
    <system-out><![CDATA[Running test file: /Users/ananyasoni/Desktop/project/cases/no_transaction/book/book_basic.test.txt
]]></system-out>
  </testcase>
  <testcase name="runTest[36]" classname="flightapp.FlightServiceTest" time="0.074">
    <system-out><![CDATA[Running test file: /Users/ananyasoni/Desktop/project/cases/no_transaction/create/create_basic.test.txt
]]></system-out>
  </testcase>
  <testcase name="runTest[37]" classname="flightapp.FlightServiceTest" time="0.122">
    <system-out><![CDATA[Running test file: /Users/ananyasoni/Desktop/project/cases/no_transaction/create/create_case_insensitivity.test.txt
]]></system-out>
  </testcase>
  <testcase name="runTest[38]" classname="flightapp.FlightServiceTest" time="0.125">
    <system-out><![CDATA[Running test file: /Users/ananyasoni/Desktop/project/cases/no_transaction/login/login_success.test.txt
]]></system-out>
  </testcase>
  <testcase name="runTest[39]" classname="flightapp.FlightServiceTest" time="0.188">
    <system-out><![CDATA[Running test file: /Users/ananyasoni/Desktop/project/cases/no_transaction/login/login_already.test.txt
]]></system-out>
  </testcase>
  <testcase name="runTest[40]" classname="flightapp.FlightServiceTest" time="0.143">
    <system-out><![CDATA[Running test file: /Users/ananyasoni/Desktop/project/cases/no_transaction/login/login_wrongPassword.test.txt
]]></system-out>
  </testcase>
  <testcase name="runTest[41]" classname="flightapp.FlightServiceTest" time="0.149">
    <system-out><![CDATA[Running test file: /Users/ananyasoni/Desktop/project/cases/no_transaction/login/login_single.test.txt
]]></system-out>
  </testcase>
  <testcase name="runTest[42]" classname="flightapp.FlightServiceTest" time="0.15">
    <system-out><![CDATA[Running test file: /Users/ananyasoni/Desktop/project/cases/no_transaction/login/login_case_insensitivity.test.txt
]]></system-out>
  </testcase>
</testsuite>